<?xml version="1.0" encoding="UTF-8"?>
<testsuite name="org.springboot.test.TestLifeCycle" tests="3" skipped="1" failures="0" errors="0" timestamp="2024-01-13T08:29:01" hostname="DESKTOP-CKTP587" time="0.066">
  <properties/>
  <testcase name="test1()" classname="org.springboot.test.TestLifeCycle" time="0.041"/>
  <testcase name="Test Case 2" classname="org.springboot.test.TestLifeCycle" time="0.004"/>
  <testcase name="test3()" classname="org.springboot.test.TestLifeCycle" time="0.001">
    <skipped/>
  </testcase>
  <system-out><![CDATA[## BeforeAll Annotation 호출 ##

## BeforeEach Annotation 호출 ##

## test1 시작 ##

## After Annotation 호출 ##

## BeforeEach Annotation 호출 ##

## test2 시작 ##

## After Annotation 호출 ##

## AfterAll Annotation 호출 ##

]]></system-out>
  <system-err><![CDATA[]]></system-err>
</testsuite>
